\BOOKMARK [1][-]{section.1}{\376\377\000I\000n\000t\000r\000o\000d\000u\000c\000t\000i\000o\000n}{}% 1
\BOOKMARK [1][-]{section.2}{\376\377\000O\000v\000e\000r\000v\000i\000e\000w\000\040\000o\000f\000\040\000H\000i\000s\000t\000o\000r\000y}{}% 2
\BOOKMARK [1][-]{section.3}{\376\377\000R\000e\000v\000i\000e\000w}{}% 3
\BOOKMARK [2][-]{subsection.3.1}{\376\377\000H\000M\000D\000B\0005\0001}{section.3}% 4
\BOOKMARK [3][-]{subsubsection.3.1.1}{\376\377\000C\000o\000n\000t\000e\000x\000t\000\040\000a\000n\000d\000\040\000c\000o\000n\000s\000t\000r\000u\000c\000t\000i\000o\000n\000\040\000p\000e\000r\000s\000p\000e\000c\000t\000i\000v\000e}{subsection.3.1}% 5
\BOOKMARK [3][-]{subsubsection.3.1.2}{\376\377\000D\000a\000t\000a\000\040\000c\000o\000l\000l\000e\000c\000t\000i\000o\000n\000\040\000m\000e\000t\000h\000o\000d\000s}{subsection.3.1}% 6
\BOOKMARK [3][-]{subsubsection.3.1.3}{\376\377\000D\000a\000t\000a\000\040\000d\000i\000s\000t\000r\000i\000b\000u\000t\000i\000o\000n}{subsection.3.1}% 7
\BOOKMARK [3][-]{subsubsection.3.1.4}{\376\377\000A\000n\000n\000o\000t\000a\000t\000i\000o\000n\000s}{subsection.3.1}% 8
\BOOKMARK [2][-]{subsection.3.2}{\376\377\000S\000p\000o\000r\000t\000-\0001\000M}{section.3}% 9
\BOOKMARK [3][-]{subsubsection.3.2.1}{\376\377\000C\000o\000n\000t\000e\000x\000t\000\040\000a\000n\000d\000\040\000c\000o\000n\000s\000t\000r\000u\000c\000t\000i\000o\000n\000\040\000p\000e\000r\000s\000p\000e\000c\000t\000i\000v\000e}{subsection.3.2}% 10
\BOOKMARK [3][-]{subsubsection.3.2.2}{\376\377\000D\000a\000t\000a\000\040\000c\000o\000l\000l\000e\000c\000t\000i\000o\000n\000\040\000m\000e\000t\000h\000o\000d\000s}{subsection.3.2}% 11
\BOOKMARK [3][-]{subsubsection.3.2.3}{\376\377\000D\000a\000t\000a\000\040\000d\000i\000s\000t\000r\000i\000b\000u\000t\000i\000o\000n}{subsection.3.2}% 12
\BOOKMARK [3][-]{subsubsection.3.2.4}{\376\377\000A\000n\000n\000o\000t\000a\000t\000i\000o\000n}{subsection.3.2}% 13
\BOOKMARK [2][-]{subsection.3.3}{\376\377\000S\000o\000m\000e\000t\000h\000i\000n\000g\000\040\000S\000o\000m\000e\000t\000h\000i\000n\000g\000\040\000V\0002}{section.3}% 14
\BOOKMARK [3][-]{subsubsection.3.3.1}{\376\377\000C\000o\000n\000t\000e\000x\000t\000\040\000a\000n\000d\000\040\000c\000o\000n\000s\000t\000r\000u\000c\000t\000i\000o\000n\000\040\000p\000e\000r\000s\000p\000e\000c\000t\000i\000v\000e}{subsection.3.3}% 15
\BOOKMARK [3][-]{subsubsection.3.3.2}{\376\377\000D\000a\000t\000a\000\040\000c\000o\000l\000l\000e\000c\000t\000i\000o\000n\000\040\000m\000e\000t\000h\000o\000d\000s}{subsection.3.3}% 16
\BOOKMARK [3][-]{subsubsection.3.3.3}{\376\377\000D\000a\000t\000a\000\040\000d\000i\000s\000t\000r\000i\000b\000u\000t\000i\000o\000n}{subsection.3.3}% 17
\BOOKMARK [3][-]{subsubsection.3.3.4}{\376\377\000A\000n\000n\000o\000t\000a\000t\000i\000o\000n}{subsection.3.3}% 18
\BOOKMARK [2][-]{subsection.3.4}{\376\377\000A\000V\000A}{section.3}% 19
\BOOKMARK [3][-]{subsubsection.3.4.1}{\376\377\000C\000o\000n\000t\000e\000x\000t\000\040\000a\000n\000d\000\040\000c\000o\000n\000s\000t\000r\000u\000c\000t\000i\000o\000n\000\040\000p\000e\000r\000s\000p\000e\000c\000t\000i\000v\000e}{subsection.3.4}% 20
\BOOKMARK [3][-]{subsubsection.3.4.2}{\376\377\000D\000a\000t\000a\000\040\000c\000o\000l\000l\000e\000c\000t\000i\000o\000n\000\040\000m\000e\000t\000h\000o\000d\000s}{subsection.3.4}% 21
\BOOKMARK [3][-]{subsubsection.3.4.3}{\376\377\000D\000a\000t\000a\000\040\000d\000i\000s\000t\000r\000i\000b\000u\000t\000i\000o\000n}{subsection.3.4}% 22
\BOOKMARK [3][-]{subsubsection.3.4.4}{\376\377\000A\000n\000n\000o\000t\000a\000t\000i\000o\000n}{subsection.3.4}% 23
\BOOKMARK [2][-]{subsection.3.5}{\376\377\000M\000o\000m\000e\000n\000t\000s\000\040\000i\000n\000\040\000T\000i\000m\000e}{section.3}% 24
\BOOKMARK [3][-]{subsubsection.3.5.1}{\376\377\000C\000o\000n\000t\000e\000x\000t\000\040\000a\000n\000d\000\040\000c\000o\000n\000s\000t\000r\000u\000c\000t\000i\000o\000n\000\040\000p\000e\000r\000s\000p\000e\000c\000t\000i\000v\000e}{subsection.3.5}% 25
\BOOKMARK [3][-]{subsubsection.3.5.2}{\376\377\000D\000a\000t\000a\000\040\000c\000o\000l\000l\000e\000c\000t\000i\000o\000n\000\040\000m\000e\000t\000h\000o\000d\000s}{subsection.3.5}% 26
\BOOKMARK [3][-]{subsubsection.3.5.3}{\376\377\000D\000a\000t\000a\000\040\000d\000i\000s\000t\000r\000i\000b\000u\000t\000i\000o\000n}{subsection.3.5}% 27
\BOOKMARK [3][-]{subsubsection.3.5.4}{\376\377\000A\000n\000n\000o\000t\000a\000t\000i\000o\000n}{subsection.3.5}% 28
\BOOKMARK [2][-]{subsection.3.6}{\376\377\000H\000A\000C\000S}{section.3}% 29
\BOOKMARK [3][-]{subsubsection.3.6.1}{\376\377\000C\000o\000n\000t\000e\000x\000t\000\040\000a\000n\000d\000\040\000c\000o\000n\000s\000t\000r\000u\000c\000t\000i\000o\000n\000\040\000p\000e\000r\000s\000p\000e\000c\000t\000i\000v\000e}{subsection.3.6}% 30
\BOOKMARK [3][-]{subsubsection.3.6.2}{\376\377\000D\000a\000t\000a\000\040\000c\000o\000l\000l\000e\000c\000t\000i\000o\000n\000\040\000m\000e\000t\000h\000o\000d\000s}{subsection.3.6}% 31
\BOOKMARK [3][-]{subsubsection.3.6.3}{\376\377\000D\000a\000t\000a\000\040\000d\000i\000s\000t\000r\000i\000b\000u\000t\000i\000o\000n}{subsection.3.6}% 32
\BOOKMARK [3][-]{subsubsection.3.6.4}{\376\377\000A\000n\000n\000o\000t\000a\000t\000i\000o\000n}{subsection.3.6}% 33
\BOOKMARK [2][-]{subsection.3.7}{\376\377\000H\000V\000U}{section.3}% 34
\BOOKMARK [3][-]{subsubsection.3.7.1}{\376\377\000C\000o\000n\000t\000e\000x\000t\000\040\000a\000n\000d\000\040\000c\000o\000n\000s\000t\000r\000u\000c\000t\000i\000o\000n\000\040\000p\000e\000r\000s\000p\000e\000c\000t\000i\000v\000e}{subsection.3.7}% 35
\BOOKMARK [3][-]{subsubsection.3.7.2}{\376\377\000D\000a\000t\000a\000\040\000c\000o\000l\000l\000e\000c\000t\000i\000o\000n\000\040\000m\000e\000t\000h\000o\000d\000s}{subsection.3.7}% 36
\BOOKMARK [3][-]{subsubsection.3.7.3}{\376\377\000D\000a\000t\000a\000\040\000d\000i\000s\000t\000r\000i\000b\000u\000t\000i\000o\000n}{subsection.3.7}% 37
\BOOKMARK [3][-]{subsubsection.3.7.4}{\376\377\000A\000n\000n\000o\000t\000a\000t\000i\000o\000n}{subsection.3.7}% 38
\BOOKMARK [2][-]{subsection.3.8}{\376\377\000A\000V\000i\000D}{section.3}% 39
\BOOKMARK [3][-]{subsubsection.3.8.1}{\376\377\000C\000o\000n\000t\000e\000x\000t\000\040\000a\000n\000d\000\040\000c\000o\000n\000s\000t\000r\000u\000c\000t\000i\000o\000n\000\040\000p\000e\000r\000s\000p\000e\000c\000t\000i\000v\000e}{subsection.3.8}% 40
\BOOKMARK [3][-]{subsubsection.3.8.2}{\376\377\000D\000a\000t\000a\000\040\000c\000o\000l\000l\000e\000c\000t\000i\000o\000n\000\040\000m\000e\000t\000h\000o\000d\000s}{subsection.3.8}% 41
\BOOKMARK [3][-]{subsubsection.3.8.3}{\376\377\000D\000a\000t\000a\000\040\000d\000i\000s\000t\000r\000i\000b\000u\000t\000i\000o\000n}{subsection.3.8}% 42
\BOOKMARK [3][-]{subsubsection.3.8.4}{\376\377\000A\000n\000n\000o\000t\000a\000t\000i\000o\000n}{subsection.3.8}% 43
\BOOKMARK [3][-]{subsubsection.3.8.5}{\376\377\000C\000o\000n\000t\000e\000x\000t\000\040\000a\000n\000d\000\040\000c\000o\000n\000s\000t\000r\000u\000c\000t\000i\000o\000n\000\040\000p\000e\000r\000s\000p\000e\000c\000t\000i\000v\000e}{subsection.3.8}% 44
\BOOKMARK [3][-]{subsubsection.3.8.6}{\376\377\000D\000a\000t\000a\000\040\000c\000o\000l\000l\000e\000c\000t\000i\000o\000n\000\040\000m\000e\000t\000h\000o\000d\000s}{subsection.3.8}% 45
\BOOKMARK [3][-]{subsubsection.3.8.7}{\376\377\000D\000a\000t\000a\000\040\000d\000i\000s\000t\000r\000i\000b\000u\000t\000i\000o\000n}{subsection.3.8}% 46
\BOOKMARK [3][-]{subsubsection.3.8.8}{\376\377\000A\000n\000n\000o\000t\000a\000t\000i\000o\000n}{subsection.3.8}% 47
